[2025-11-19T01:42:40.865Z] [INFO] โ Diretรณrios criados/verificados
[2025-11-19T01:42:40.867Z] [INFO] โฐ Backups agendados a cada 12 horas
[2025-11-19T01:42:40.867Z] [INFO] ๐ Diretรณrio de backups: /root/backup/backups
[2025-11-19T01:42:40.868Z] [INFO] ๐๏ธ  Retenรงรฃo: 7 dias
[2025-11-19T01:42:40.869Z] [INFO] โโโโโโโโโโโโโโโโโโโโโโโโโโโโโโโโโโโโโโโโโโโโโโโโโโโโโโโโโโโโ
[2025-11-19T01:42:40.869Z] [INFO] ๐ INICIANDO PROCESSO DE BACKUP
[2025-11-19T01:42:40.870Z] [INFO] โโโโโโโโโโโโโโโโโโโโโโโโโโโโโโโโโโโโโโโโโโโโโโโโโโโโโโโโโโโโ
[2025-11-19T01:42:40.943Z] [INFO] โ Container gestao_db estรก ativo
[2025-11-19T01:42:40.944Z] [INFO] ๐ Iniciando backup...
[2025-11-19T01:42:41.102Z] [INFO] โ Backup criado com sucesso: backup_2025-11-19T01-42-40-944Z.sql.gz (0.00 MB)
[2025-11-19T01:42:41.103Z] [INFO] ๐งน Limpando backups com mais de 7 dias...
[2025-11-19T01:42:41.104Z] [INFO]    โ Nenhum backup antigo para remover
[2025-11-19T01:42:41.105Z] [INFO] โโโโโโโโโโโโโโโโโโโโโโโโโโโโโโโโโโโโโโโโโโโโโโโโโโโโโโโโโโโโ
[2025-11-19T01:42:41.106Z] [INFO] โ BACKUP CONCLUรDO COM SUCESSO
[2025-11-19T01:42:41.106Z] [INFO] โโโโโโโโโโโโโโโโโโโโโโโโโโโโโโโโโโโโโโโโโโโโโโโโโโโโโโโโโโโโ
[2025-11-19T01:42:41.107Z] [INFO] ๐ข Sistema de backup ativo e rodando...
[2025-11-19T01:52:44.890Z] [INFO] โ๏ธ  Recebido SIGINT - Finalizando gracefully...
[2025-11-19T02:00:02.286Z] [INFO] โ Diretรณrios criados/verificados
[2025-11-19T02:00:02.291Z] [INFO] โฐ Backups agendados a cada 12 horas
[2025-11-19T02:00:02.293Z] [INFO] ๐ Diretรณrio de backups: /root/backup/backups
[2025-11-19T02:00:02.294Z] [INFO] ๐๏ธ  Retenรงรฃo: 7 dias
[2025-11-19T02:00:02.297Z] [INFO] โโโโโโโโโโโโโโโโโโโโโโโโโโโโโโโโโโโโโโโโโโโโโโโโโโโโโโโโโโโโ
[2025-11-19T02:00:02.299Z] [INFO] ๐ INICIANDO PROCESSO DE BACKUP
[2025-11-19T02:00:02.301Z] [INFO] โโโโโโโโโโโโโโโโโโโโโโโโโโโโโโโโโโโโโโโโโโโโโโโโโโโโโโโโโโโโ
[2025-11-19T02:00:02.579Z] [INFO] โ Container gestao_db estรก ativo
[2025-11-19T02:00:02.592Z] [INFO] ๐ Iniciando backup...
[2025-11-19T02:00:02.595Z] [INFO]    Container: gestao_db
[2025-11-19T02:00:02.597Z] [INFO]    Database: gestao_clientes
[2025-11-19T02:00:02.598Z] [INFO]    User: gestao_user
[2025-11-19T02:00:02.599Z] [INFO]    Executando backup...
[2025-11-19T02:00:03.382Z] [INFO] โ Backup criado com sucesso: backup_2025-11-19T02-00-02-592Z.sql.gz (20.47 KB, 2483 linhas)
[2025-11-19T02:00:03.387Z] [INFO] ๐งน Limpando backups com mais de 7 dias...
[2025-11-19T02:00:03.391Z] [INFO]    โ Nenhum backup antigo para remover
[2025-11-19T02:00:03.394Z] [INFO] โโโโโโโโโโโโโโโโโโโโโโโโโโโโโโโโโโโโโโโโโโโโโโโโโโโโโโโโโโโโ
[2025-11-19T02:00:03.396Z] [INFO] โ BACKUP CONCLUรDO COM SUCESSO
[2025-11-19T02:00:03.398Z] [INFO] โโโโโโโโโโโโโโโโโโโโโโโโโโโโโโโโโโโโโโโโโโโโโโโโโโโโโโโโโโโโ
[2025-11-19T02:00:03.399Z] [INFO] ๐ข Sistema de backup ativo e rodando...
